# JRE version: Java(TM) SE Runtime Environment (8.0_60-b27) (build 1.8.0_60-b27)
# Java VM: Java HotSpot(TM) 64-Bit Server VM (25.60-b23 mixed mode windows-amd64 compressed oops)
Heap:
 PSYoungGen      total 123904K, used 12062K [0x00000000d5f00000, 0x00000000de600000, 0x0000000100000000)
  eden space 114176K, 10% used [0x00000000d5f00000,0x00000000d6ac7a98,0x00000000dce80000)
  from space 9728K, 0% used [0x00000000ddc80000,0x00000000ddc80000,0x00000000de600000)
  to   space 11776K, 0% used [0x00000000dcf00000,0x00000000dcf00000,0x00000000dda80000)
 ParOldGen       total 71168K, used 13154K [0x0000000081c00000, 0x0000000086180000, 0x00000000d5f00000)
  object space 71168K, 18% used [0x0000000081c00000,0x00000000828d8958,0x0000000086180000)
 Metaspace       used 34883K, capacity 36496K, committed 36824K, reserved 1081344K
  class space    used 4467K, capacity 4765K, committed 4824K, reserved 1048576K
GC Heap History (10 events):
Event: 3.011 GC heap before
{Heap before GC invocations=4 (full 0):
 PSYoungGen      total 38400K, used 10385K [0x00000000d5f00000, 0x00000000daa00000, 0x0000000100000000)
  eden space 33280K, 15% used [0x00000000d5f00000,0x00000000d6425d90,0x00000000d7f80000)
  from space 5120K, 99% used [0x00000000d7f80000,0x00000000d847e978,0x00000000d8480000)
  to   space 5120K, 0% used [0x00000000da500000,0x00000000da500000,0x00000000daa00000)
 ParOldGen       total 87552K, used 5685K [0x0000000081c00000, 0x0000000087180000, 0x00000000d5f00000)
  object space 87552K, 6% used [0x0000000081c00000,0x000000008218d6c0,0x0000000087180000)
 Metaspace       used 20535K, capacity 21200K, committed 21248K, reserved 1067008K
  class space    used 2625K, capacity 2811K, committed 2816K, reserved 1048576K
Event: 3.020 GC heap after
Heap after GC invocations=4 (full 0):
 PSYoungGen      total 71680K, used 4946K [0x00000000d5f00000, 0x00000000daa00000, 0x0000000100000000)
  eden space 66560K, 0% used [0x00000000d5f00000,0x00000000d5f00000,0x00000000da000000)
  from space 5120K, 96% used [0x00000000da500000,0x00000000da9d4aa8,0x00000000daa00000)
  to   space 5120K, 0% used [0x00000000da000000,0x00000000da000000,0x00000000da500000)
 ParOldGen       total 87552K, used 5693K [0x0000000081c00000, 0x0000000087180000, 0x00000000d5f00000)
  object space 87552K, 6% used [0x0000000081c00000,0x000000008218f6c0,0x0000000087180000)
 Metaspace       used 20535K, capacity 21200K, committed 21248K, reserved 1067008K
  class space    used 2625K, capacity 2811K, committed 2816K, reserved 1048576K
}
Event: 3.020 GC heap before
{Heap before GC invocations=5 (full 1):
 PSYoungGen      total 71680K, used 4946K [0x00000000d5f00000, 0x00000000daa00000, 0x0000000100000000)
  eden space 66560K, 0% used [0x00000000d5f00000,0x00000000d5f00000,0x00000000da000000)
  from space 5120K, 96% used [0x00000000da500000,0x00000000da9d4aa8,0x00000000daa00000)
  to   space 5120K, 0% used [0x00000000da000000,0x00000000da000000,0x00000000da500000)
 ParOldGen       total 87552K, used 5693K [0x0000000081c00000, 0x0000000087180000, 0x00000000d5f00000)
  object space 87552K, 6% used [0x0000000081c00000,0x000000008218f6c0,0x0000000087180000)
 Metaspace       used 20535K, capacity 21200K, committed 21248K, reserved 1067008K
  class space    used 2625K, capacity 2811K, committed 2816K, reserved 1048576K
Event: 3.052 GC heap after
Heap after GC invocations=5 (full 1):
 PSYoungGen      total 71680K, used 0K [0x00000000d5f00000, 0x00000000daa00000, 0x0000000100000000)
  eden space 66560K, 0% used [0x00000000d5f00000,0x00000000d5f00000,0x00000000da000000)
  from space 5120K, 0% used [0x00000000da500000,0x00000000da500000,0x00000000daa00000)
  to   space 5120K, 0% used [0x00000000da000000,0x00000000da000000,0x00000000da500000)
 ParOldGen       total 49664K, used 4848K [0x0000000081c00000, 0x0000000084c80000, 0x00000000d5f00000)
  object space 49664K, 9% used [0x0000000081c00000,0x00000000820bc100,0x0000000084c80000)
 Metaspace       used 20533K, capacity 21194K, committed 21248K, reserved 1067008K
  class space    used 2624K, capacity 2810K, committed 2816K, reserved 1048576K
}
Event: 6.240 GC heap before
{Heap before GC invocations=6 (full 1):
 PSYoungGen      total 71680K, used 66560K [0x00000000d5f00000, 0x00000000daa00000, 0x0000000100000000)
  eden space 66560K, 100% used [0x00000000d5f00000,0x00000000da000000,0x00000000da000000)
  from space 5120K, 0% used [0x00000000da500000,0x00000000da500000,0x00000000daa00000)
  to   space 5120K, 0% used [0x00000000da000000,0x00000000da000000,0x00000000da500000)
 ParOldGen       total 49664K, used 4848K [0x0000000081c00000, 0x0000000084c80000, 0x00000000d5f00000)
  object space 49664K, 9% used [0x0000000081c00000,0x00000000820bc100,0x0000000084c80000)
 Metaspace       used 28147K, capacity 29534K, committed 29824K, reserved 1075200K
  class space    used 3610K, capacity 3878K, committed 3968K, reserved 1048576K
Event: 6.262 GC heap after
Heap after GC invocations=6 (full 1):
 PSYoungGen      total 71680K, used 5108K [0x00000000d5f00000, 0x00000000de780000, 0x0000000100000000)
  eden space 66560K, 0% used [0x00000000d5f00000,0x00000000d5f00000,0x00000000da000000)
  from space 5120K, 99% used [0x00000000da000000,0x00000000da4fd150,0x00000000da500000)
  to   space 11264K, 0% used [0x00000000ddc80000,0x00000000ddc80000,0x00000000de780000)
 ParOldGen       total 49664K, used 9284K [0x0000000081c00000, 0x0000000084c80000, 0x00000000d5f00000)
  object space 49664K, 18% used [0x0000000081c00000,0x0000000082511070,0x0000000084c80000)
 Metaspace       used 28147K, capacity 29534K, committed 29824K, reserved 1075200K
  class space    used 3610K, capacity 3878K, committed 3968K, reserved 1048576K
}
Event: 8.212 GC heap before
{Heap before GC invocations=7 (full 1):
 PSYoungGen      total 71680K, used 46230K [0x00000000d5f00000, 0x00000000de780000, 0x0000000100000000)
  eden space 66560K, 61% used [0x00000000d5f00000,0x00000000d8728a98,0x00000000da000000)
  from space 5120K, 99% used [0x00000000da000000,0x00000000da4fd150,0x00000000da500000)
  to   space 11264K, 0% used [0x00000000ddc80000,0x00000000ddc80000,0x00000000de780000)
 ParOldGen       total 49664K, used 9284K [0x0000000081c00000, 0x0000000084c80000, 0x00000000d5f00000)
  object space 49664K, 18% used [0x0000000081c00000,0x0000000082511070,0x0000000084c80000)
 Metaspace       used 33772K, capacity 35316K, committed 35416K, reserved 1079296K
  class space    used 4339K, capacity 4627K, committed 4696K, reserved 1048576K
Event: 8.224 GC heap after
Heap after GC invocations=7 (full 1):
 PSYoungGen      total 123904K, used 9382K [0x00000000d5f00000, 0x00000000de600000, 0x0000000100000000)
  eden space 114176K, 0% used [0x00000000d5f00000,0x00000000d5f00000,0x00000000dce80000)
  from space 9728K, 96% used [0x00000000ddc80000,0x00000000de5a9820,0x00000000de600000)
  to   space 11776K, 0% used [0x00000000dcf00000,0x00000000dcf00000,0x00000000dda80000)
 ParOldGen       total 49664K, used 9292K [0x0000000081c00000, 0x0000000084c80000, 0x00000000d5f00000)
  object space 49664K, 18% used [0x0000000081c00000,0x0000000082513070,0x0000000084c80000)
 Metaspace       used 33772K, capacity 35316K, committed 35416K, reserved 1079296K
  class space    used 4339K, capacity 4627K, committed 4696K, reserved 1048576K
}
Event: 8.224 GC heap before
{Heap before GC invocations=8 (full 2):
 PSYoungGen      total 123904K, used 9382K [0x00000000d5f00000, 0x00000000de600000, 0x0000000100000000)
  eden space 114176K, 0% used [0x00000000d5f00000,0x00000000d5f00000,0x00000000dce80000)
  from space 9728K, 96% used [0x00000000ddc80000,0x00000000de5a9820,0x00000000de600000)
  to   space 11776K, 0% used [0x00000000dcf00000,0x00000000dcf00000,0x00000000dda80000)
 ParOldGen       total 49664K, used 9292K [0x0000000081c00000, 0x0000000084c80000, 0x00000000d5f00000)
  object space 49664K, 18% used [0x0000000081c00000,0x0000000082513070,0x0000000084c80000)
 Metaspace       used 33772K, capacity 35316K, committed 35416K, reserved 1079296K
  class space    used 4339K, capacity 4627K, committed 4696K, reserved 1048576K
Event: 8.278 GC heap after
Heap after GC invocations=8 (full 2):
 PSYoungGen      total 123904K, used 0K [0x00000000d5f00000, 0x00000000de600000, 0x0000000100000000)
  eden space 114176K, 0% used [0x00000000d5f00000,0x00000000d5f00000,0x00000000dce80000)
  from space 9728K, 0% used [0x00000000ddc80000,0x00000000ddc80000,0x00000000de600000)
  to   space 11776K, 0% used [0x00000000dcf00000,0x00000000dcf00000,0x00000000dda80000)
 ParOldGen       total 71168K, used 13154K [0x0000000081c00000, 0x0000000086180000, 0x00000000d5f00000)
  object space 71168K, 18% used [0x0000000081c00000,0x00000000828d8958,0x0000000086180000)
 Metaspace       used 33772K, capacity 35316K, committed 35416K, reserved 1079296K
  class space    used 4339K, capacity 4627K, committed 4696K, reserved 1048576K
}

