# JRE version: Java(TM) SE Runtime Environment (8.0_60-b27) (build 1.8.0_60-b27)
# Java VM: Java HotSpot(TM) 64-Bit Server VM (25.60-b23 mixed mode windows-amd64 compressed oops)
Heap:
 PSYoungGen      total 128512K, used 12600K [0x00000000d5f00000, 0x00000000dea00000, 0x0000000100000000)
  eden space 118784K, 10% used [0x00000000d5f00000,0x00000000d6b4e2b0,0x00000000dd300000)
  from space 9728K, 0% used [0x00000000de080000,0x00000000de080000,0x00000000dea00000)
  to   space 11776K, 0% used [0x00000000dd300000,0x00000000dd300000,0x00000000dde80000)
 ParOldGen       total 63488K, used 13026K [0x0000000081c00000, 0x0000000085a00000, 0x00000000d5f00000)
  object space 63488K, 20% used [0x0000000081c00000,0x00000000828b8a20,0x0000000085a00000)
 Metaspace       used 34890K, capacity 36506K, committed 36776K, reserved 1081344K
  class space    used 4466K, capacity 4764K, committed 4776K, reserved 1048576K
GC Heap History (10 events):
Event: 4.733 GC heap before
{Heap before GC invocations=4 (full 0):
 PSYoungGen      total 38400K, used 9153K [0x00000000d5f00000, 0x00000000daa00000, 0x0000000100000000)
  eden space 33280K, 12% used [0x00000000d5f00000,0x00000000d62f2b70,0x00000000d7f80000)
  from space 5120K, 99% used [0x00000000d7f80000,0x00000000d847d8d8,0x00000000d8480000)
  to   space 5120K, 0% used [0x00000000da500000,0x00000000da500000,0x00000000daa00000)
 ParOldGen       total 87552K, used 5957K [0x0000000081c00000, 0x0000000087180000, 0x00000000d5f00000)
  object space 87552K, 6% used [0x0000000081c00000,0x00000000821d1490,0x0000000087180000)
 Metaspace       used 20580K, capacity 21218K, committed 21296K, reserved 1067008K
  class space    used 2638K, capacity 2820K, committed 2864K, reserved 1048576K
Event: 4.741 GC heap after
Heap after GC invocations=4 (full 0):
 PSYoungGen      total 71680K, used 4738K [0x00000000d5f00000, 0x00000000daa00000, 0x0000000100000000)
  eden space 66560K, 0% used [0x00000000d5f00000,0x00000000d5f00000,0x00000000da000000)
  from space 5120K, 92% used [0x00000000da500000,0x00000000da9a0a98,0x00000000daa00000)
  to   space 5120K, 0% used [0x00000000da000000,0x00000000da000000,0x00000000da500000)
 ParOldGen       total 87552K, used 5965K [0x0000000081c00000, 0x0000000087180000, 0x00000000d5f00000)
  object space 87552K, 6% used [0x0000000081c00000,0x00000000821d3490,0x0000000087180000)
 Metaspace       used 20580K, capacity 21218K, committed 21296K, reserved 1067008K
  class space    used 2638K, capacity 2820K, committed 2864K, reserved 1048576K
}
Event: 4.741 GC heap before
{Heap before GC invocations=5 (full 1):
 PSYoungGen      total 71680K, used 4738K [0x00000000d5f00000, 0x00000000daa00000, 0x0000000100000000)
  eden space 66560K, 0% used [0x00000000d5f00000,0x00000000d5f00000,0x00000000da000000)
  from space 5120K, 92% used [0x00000000da500000,0x00000000da9a0a98,0x00000000daa00000)
  to   space 5120K, 0% used [0x00000000da000000,0x00000000da000000,0x00000000da500000)
 ParOldGen       total 87552K, used 5965K [0x0000000081c00000, 0x0000000087180000, 0x00000000d5f00000)
  object space 87552K, 6% used [0x0000000081c00000,0x00000000821d3490,0x0000000087180000)
 Metaspace       used 20580K, capacity 21218K, committed 21296K, reserved 1067008K
  class space    used 2638K, capacity 2820K, committed 2864K, reserved 1048576K
Event: 4.779 GC heap after
Heap after GC invocations=5 (full 1):
 PSYoungGen      total 71680K, used 0K [0x00000000d5f00000, 0x00000000daa00000, 0x0000000100000000)
  eden space 66560K, 0% used [0x00000000d5f00000,0x00000000d5f00000,0x00000000da000000)
  from space 5120K, 0% used [0x00000000da500000,0x00000000da500000,0x00000000daa00000)
  to   space 5120K, 0% used [0x00000000da000000,0x00000000da000000,0x00000000da500000)
 ParOldGen       total 47616K, used 4632K [0x0000000081c00000, 0x0000000084a80000, 0x00000000d5f00000)
  object space 47616K, 9% used [0x0000000081c00000,0x0000000082086268,0x0000000084a80000)
 Metaspace       used 20577K, capacity 21206K, committed 21296K, reserved 1067008K
  class space    used 2637K, capacity 2818K, committed 2864K, reserved 1048576K
}
Event: 9.005 GC heap before
{Heap before GC invocations=6 (full 1):
 PSYoungGen      total 71680K, used 66560K [0x00000000d5f00000, 0x00000000daa00000, 0x0000000100000000)
  eden space 66560K, 100% used [0x00000000d5f00000,0x00000000da000000,0x00000000da000000)
  from space 5120K, 0% used [0x00000000da500000,0x00000000da500000,0x00000000daa00000)
  to   space 5120K, 0% used [0x00000000da000000,0x00000000da000000,0x00000000da500000)
 ParOldGen       total 47616K, used 4632K [0x0000000081c00000, 0x0000000084a80000, 0x00000000d5f00000)
  object space 47616K, 9% used [0x0000000081c00000,0x0000000082086268,0x0000000084a80000)
 Metaspace       used 28296K, capacity 29710K, committed 29872K, reserved 1075200K
  class space    used 3629K, capacity 3910K, committed 4016K, reserved 1048576K
Event: 9.032 GC heap after
Heap after GC invocations=6 (full 1):
 PSYoungGen      total 71680K, used 5107K [0x00000000d5f00000, 0x00000000deb80000, 0x0000000100000000)
  eden space 66560K, 0% used [0x00000000d5f00000,0x00000000d5f00000,0x00000000da000000)
  from space 5120K, 99% used [0x00000000da000000,0x00000000da4fcf38,0x00000000da500000)
  to   space 11264K, 0% used [0x00000000de080000,0x00000000de080000,0x00000000deb80000)
 ParOldGen       total 47616K, used 9176K [0x0000000081c00000, 0x0000000084a80000, 0x00000000d5f00000)
  object space 47616K, 19% used [0x0000000081c00000,0x00000000824f6100,0x0000000084a80000)
 Metaspace       used 28296K, capacity 29710K, committed 29872K, reserved 1075200K
  class space    used 3629K, capacity 3910K, committed 4016K, reserved 1048576K
}
Event: 32.005 GC heap before
{Heap before GC invocations=7 (full 1):
 PSYoungGen      total 71680K, used 44887K [0x00000000d5f00000, 0x00000000deb80000, 0x0000000100000000)
  eden space 66560K, 59% used [0x00000000d5f00000,0x00000000d85d8fb8,0x00000000da000000)
  from space 5120K, 99% used [0x00000000da000000,0x00000000da4fcf38,0x00000000da500000)
  to   space 11264K, 0% used [0x00000000de080000,0x00000000de080000,0x00000000deb80000)
 ParOldGen       total 47616K, used 9176K [0x0000000081c00000, 0x0000000084a80000, 0x00000000d5f00000)
  object space 47616K, 19% used [0x0000000081c00000,0x00000000824f6100,0x0000000084a80000)
 Metaspace       used 33773K, capacity 35360K, committed 35496K, reserved 1079296K
  class space    used 4341K, capacity 4659K, committed 4776K, reserved 1048576K
Event: 32.019 GC heap after
Heap after GC invocations=7 (full 1):
 PSYoungGen      total 128512K, used 9225K [0x00000000d5f00000, 0x00000000dea00000, 0x0000000100000000)
  eden space 118784K, 0% used [0x00000000d5f00000,0x00000000d5f00000,0x00000000dd300000)
  from space 9728K, 94% used [0x00000000de080000,0x00000000de9824d8,0x00000000dea00000)
  to   space 11776K, 0% used [0x00000000dd300000,0x00000000dd300000,0x00000000dde80000)
 ParOldGen       total 47616K, used 9184K [0x0000000081c00000, 0x0000000084a80000, 0x00000000d5f00000)
  object space 47616K, 19% used [0x0000000081c00000,0x00000000824f8100,0x0000000084a80000)
 Metaspace       used 33773K, capacity 35360K, committed 35496K, reserved 1079296K
  class space    used 4341K, capacity 4659K, committed 4776K, reserved 1048576K
}
Event: 32.019 GC heap before
{Heap before GC invocations=8 (full 2):
 PSYoungGen      total 128512K, used 9225K [0x00000000d5f00000, 0x00000000dea00000, 0x0000000100000000)
  eden space 118784K, 0% used [0x00000000d5f00000,0x00000000d5f00000,0x00000000dd300000)
  from space 9728K, 94% used [0x00000000de080000,0x00000000de9824d8,0x00000000dea00000)
  to   space 11776K, 0% used [0x00000000dd300000,0x00000000dd300000,0x00000000dde80000)
 ParOldGen       total 47616K, used 9184K [0x0000000081c00000, 0x0000000084a80000, 0x00000000d5f00000)
  object space 47616K, 19% used [0x0000000081c00000,0x00000000824f8100,0x0000000084a80000)
 Metaspace       used 33773K, capacity 35360K, committed 35496K, reserved 1079296K
  class space    used 4341K, capacity 4659K, committed 4776K, reserved 1048576K
Event: 32.072 GC heap after
Heap after GC invocations=8 (full 2):
 PSYoungGen      total 128512K, used 0K [0x00000000d5f00000, 0x00000000dea00000, 0x0000000100000000)
  eden space 118784K, 0% used [0x00000000d5f00000,0x00000000d5f00000,0x00000000dd300000)
  from space 9728K, 0% used [0x00000000de080000,0x00000000de080000,0x00000000dea00000)
  to   space 11776K, 0% used [0x00000000dd300000,0x00000000dd300000,0x00000000dde80000)
 ParOldGen       total 63488K, used 13026K [0x0000000081c00000, 0x0000000085a00000, 0x00000000d5f00000)
  object space 63488K, 20% used [0x0000000081c00000,0x00000000828b8a20,0x0000000085a00000)
 Metaspace       used 33773K, capacity 35360K, committed 35496K, reserved 1079296K
  class space    used 4341K, capacity 4659K, committed 4776K, reserved 1048576K
}

