# JRE version: Java(TM) SE Runtime Environment (8.0_60-b27) (build 1.8.0_60-b27)
# Java VM: Java HotSpot(TM) 64-Bit Server VM (25.60-b23 mixed mode windows-amd64 compressed oops)
Heap:
 PSYoungGen      total 128000K, used 20112K [0x00000000d5f00000, 0x00000000dea00000, 0x0000000100000000)
  eden space 118272K, 17% used [0x00000000d5f00000,0x00000000d72a4078,0x00000000dd280000)
  from space 9728K, 0% used [0x00000000de080000,0x00000000de080000,0x00000000dea00000)
  to   space 11776K, 0% used [0x00000000dd300000,0x00000000dd300000,0x00000000dde80000)
 ParOldGen       total 64000K, used 13209K [0x0000000081c00000, 0x0000000085a80000, 0x00000000d5f00000)
  object space 64000K, 20% used [0x0000000081c00000,0x00000000828e66b8,0x0000000085a80000)
 Metaspace       used 35821K, capacity 37422K, committed 37720K, reserved 1081344K
  class space    used 4578K, capacity 4872K, committed 4952K, reserved 1048576K
GC Heap History (10 events):
Event: 3.311 GC heap before
{Heap before GC invocations=4 (full 0):
 PSYoungGen      total 38400K, used 9666K [0x00000000d5f00000, 0x00000000daa00000, 0x0000000100000000)
  eden space 33280K, 13% used [0x00000000d5f00000,0x00000000d63769d0,0x00000000d7f80000)
  from space 5120K, 99% used [0x00000000d7f80000,0x00000000d847a160,0x00000000d8480000)
  to   space 5120K, 0% used [0x00000000da500000,0x00000000da500000,0x00000000daa00000)
 ParOldGen       total 87552K, used 5877K [0x0000000081c00000, 0x0000000087180000, 0x00000000d5f00000)
  object space 87552K, 6% used [0x0000000081c00000,0x00000000821bd790,0x0000000087180000)
 Metaspace       used 20517K, capacity 21164K, committed 21248K, reserved 1067008K
  class space    used 2612K, capacity 2777K, committed 2816K, reserved 1048576K
Event: 3.319 GC heap after
Heap after GC invocations=4 (full 0):
 PSYoungGen      total 71680K, used 4907K [0x00000000d5f00000, 0x00000000daa00000, 0x0000000100000000)
  eden space 66560K, 0% used [0x00000000d5f00000,0x00000000d5f00000,0x00000000da000000)
  from space 5120K, 95% used [0x00000000da500000,0x00000000da9cacf0,0x00000000daa00000)
  to   space 5120K, 0% used [0x00000000da000000,0x00000000da000000,0x00000000da500000)
 ParOldGen       total 87552K, used 5885K [0x0000000081c00000, 0x0000000087180000, 0x00000000d5f00000)
  object space 87552K, 6% used [0x0000000081c00000,0x00000000821bf790,0x0000000087180000)
 Metaspace       used 20517K, capacity 21164K, committed 21248K, reserved 1067008K
  class space    used 2612K, capacity 2777K, committed 2816K, reserved 1048576K
}
Event: 3.319 GC heap before
{Heap before GC invocations=5 (full 1):
 PSYoungGen      total 71680K, used 4907K [0x00000000d5f00000, 0x00000000daa00000, 0x0000000100000000)
  eden space 66560K, 0% used [0x00000000d5f00000,0x00000000d5f00000,0x00000000da000000)
  from space 5120K, 95% used [0x00000000da500000,0x00000000da9cacf0,0x00000000daa00000)
  to   space 5120K, 0% used [0x00000000da000000,0x00000000da000000,0x00000000da500000)
 ParOldGen       total 87552K, used 5885K [0x0000000081c00000, 0x0000000087180000, 0x00000000d5f00000)
  object space 87552K, 6% used [0x0000000081c00000,0x00000000821bf790,0x0000000087180000)
 Metaspace       used 20517K, capacity 21164K, committed 21248K, reserved 1067008K
  class space    used 2612K, capacity 2777K, committed 2816K, reserved 1048576K
Event: 3.355 GC heap after
Heap after GC invocations=5 (full 1):
 PSYoungGen      total 71680K, used 0K [0x00000000d5f00000, 0x00000000daa00000, 0x0000000100000000)
  eden space 66560K, 0% used [0x00000000d5f00000,0x00000000d5f00000,0x00000000da000000)
  from space 5120K, 0% used [0x00000000da500000,0x00000000da500000,0x00000000daa00000)
  to   space 5120K, 0% used [0x00000000da000000,0x00000000da000000,0x00000000da500000)
 ParOldGen       total 47616K, used 4843K [0x0000000081c00000, 0x0000000084a80000, 0x00000000d5f00000)
  object space 47616K, 10% used [0x0000000081c00000,0x00000000820bac60,0x0000000084a80000)
 Metaspace       used 20515K, capacity 21158K, committed 21248K, reserved 1067008K
  class space    used 2611K, capacity 2776K, committed 2816K, reserved 1048576K
}
Event: 7.550 GC heap before
{Heap before GC invocations=6 (full 1):
 PSYoungGen      total 71680K, used 66560K [0x00000000d5f00000, 0x00000000daa00000, 0x0000000100000000)
  eden space 66560K, 100% used [0x00000000d5f00000,0x00000000da000000,0x00000000da000000)
  from space 5120K, 0% used [0x00000000da500000,0x00000000da500000,0x00000000daa00000)
  to   space 5120K, 0% used [0x00000000da000000,0x00000000da000000,0x00000000da500000)
 ParOldGen       total 47616K, used 4843K [0x0000000081c00000, 0x0000000084a80000, 0x00000000d5f00000)
  object space 47616K, 10% used [0x0000000081c00000,0x00000000820bac60,0x0000000084a80000)
 Metaspace       used 28268K, capacity 29638K, committed 29824K, reserved 1075200K
  class space    used 3626K, capacity 3910K, committed 3968K, reserved 1048576K
Event: 7.570 GC heap after
Heap after GC invocations=6 (full 1):
 PSYoungGen      total 71680K, used 5108K [0x00000000d5f00000, 0x00000000deb80000, 0x0000000100000000)
  eden space 66560K, 0% used [0x00000000d5f00000,0x00000000d5f00000,0x00000000da000000)
  from space 5120K, 99% used [0x00000000da000000,0x00000000da4fd2c0,0x00000000da500000)
  to   space 11264K, 0% used [0x00000000de080000,0x00000000de080000,0x00000000deb80000)
 ParOldGen       total 47616K, used 9480K [0x0000000081c00000, 0x0000000084a80000, 0x00000000d5f00000)
  object space 47616K, 19% used [0x0000000081c00000,0x00000000825421d0,0x0000000084a80000)
 Metaspace       used 28268K, capacity 29638K, committed 29824K, reserved 1075200K
  class space    used 3626K, capacity 3910K, committed 3968K, reserved 1048576K
}
Event: 22.794 GC heap before
{Heap before GC invocations=7 (full 1):
 PSYoungGen      total 71680K, used 44519K [0x00000000d5f00000, 0x00000000deb80000, 0x0000000100000000)
  eden space 66560K, 59% used [0x00000000d5f00000,0x00000000d857c9b8,0x00000000da000000)
  from space 5120K, 99% used [0x00000000da000000,0x00000000da4fd2c0,0x00000000da500000)
  to   space 11264K, 0% used [0x00000000de080000,0x00000000de080000,0x00000000deb80000)
 ParOldGen       total 47616K, used 9480K [0x0000000081c00000, 0x0000000084a80000, 0x00000000d5f00000)
  object space 47616K, 19% used [0x0000000081c00000,0x00000000825421d0,0x0000000084a80000)
 Metaspace       used 33789K, capacity 35340K, committed 35416K, reserved 1079296K
  class space    used 4343K, capacity 4631K, committed 4696K, reserved 1048576K
Event: 22.804 GC heap after
Heap after GC invocations=7 (full 1):
 PSYoungGen      total 128000K, used 9318K [0x00000000d5f00000, 0x00000000dea00000, 0x0000000100000000)
  eden space 118272K, 0% used [0x00000000d5f00000,0x00000000d5f00000,0x00000000dd280000)
  from space 9728K, 95% used [0x00000000de080000,0x00000000de999ba0,0x00000000dea00000)
  to   space 11776K, 0% used [0x00000000dd300000,0x00000000dd300000,0x00000000dde80000)
 ParOldGen       total 47616K, used 9488K [0x0000000081c00000, 0x0000000084a80000, 0x00000000d5f00000)
  object space 47616K, 19% used [0x0000000081c00000,0x00000000825441d0,0x0000000084a80000)
 Metaspace       used 33789K, capacity 35340K, committed 35416K, reserved 1079296K
  class space    used 4343K, capacity 4631K, committed 4696K, reserved 1048576K
}
Event: 22.804 GC heap before
{Heap before GC invocations=8 (full 2):
 PSYoungGen      total 128000K, used 9318K [0x00000000d5f00000, 0x00000000dea00000, 0x0000000100000000)
  eden space 118272K, 0% used [0x00000000d5f00000,0x00000000d5f00000,0x00000000dd280000)
  from space 9728K, 95% used [0x00000000de080000,0x00000000de999ba0,0x00000000dea00000)
  to   space 11776K, 0% used [0x00000000dd300000,0x00000000dd300000,0x00000000dde80000)
 ParOldGen       total 47616K, used 9488K [0x0000000081c00000, 0x0000000084a80000, 0x00000000d5f00000)
  object space 47616K, 19% used [0x0000000081c00000,0x00000000825441d0,0x0000000084a80000)
 Metaspace       used 33789K, capacity 35340K, committed 35416K, reserved 1079296K
  class space    used 4343K, capacity 4631K, committed 4696K, reserved 1048576K
Event: 22.855 GC heap after
Heap after GC invocations=8 (full 2):
 PSYoungGen      total 128000K, used 0K [0x00000000d5f00000, 0x00000000dea00000, 0x0000000100000000)
  eden space 118272K, 0% used [0x00000000d5f00000,0x00000000d5f00000,0x00000000dd280000)
  from space 9728K, 0% used [0x00000000de080000,0x00000000de080000,0x00000000dea00000)
  to   space 11776K, 0% used [0x00000000dd300000,0x00000000dd300000,0x00000000dde80000)
 ParOldGen       total 64000K, used 13209K [0x0000000081c00000, 0x0000000085a80000, 0x00000000d5f00000)
  object space 64000K, 20% used [0x0000000081c00000,0x00000000828e66b8,0x0000000085a80000)
 Metaspace       used 33789K, capacity 35340K, committed 35416K, reserved 1079296K
  class space    used 4343K, capacity 4631K, committed 4696K, reserved 1048576K
}

